# JRE version: OpenJDK Runtime Environment (8.0_152-b01) (build 1.8.0_152-release-915-b01)
# Java VM: OpenJDK 64-Bit Server VM (25.152-b01 mixed mode windows-amd64 compressed oops)
Heap:
 PSYoungGen      total 443904K, used 21904K [0x00000000e0000000, 0x0000000100000000, 0x0000000100000000)
  eden space 397824K, 3% used [0x00000000e0000000,0x00000000e0dd5fe0,0x00000000f8480000)
  from space 46080K, 16% used [0x00000000fb180000,0x00000000fb90e380,0x00000000fde80000)
  to   space 46080K, 0% used [0x00000000f8480000,0x00000000f8480000,0x00000000fb180000)
 ParOldGen       total 219648K, used 76758K [0x00000000a0000000, 0x00000000ad680000, 0x00000000e0000000)
  object space 219648K, 34% used [0x00000000a0000000,0x00000000a4af5b20,0x00000000ad680000)
 Metaspace       used 92664K, capacity 98030K, committed 98816K, reserved 1134592K
  class space    used 11624K, capacity 12883K, committed 13056K, reserved 1048576K
GC Heap History (10 events):
Event: 625.076 GC heap before
{Heap before GC invocations=22 (full 3):
 PSYoungGen      total 387584K, used 386267K [0x00000000e0000000, 0x00000000fa100000, 0x0000000100000000)
  eden space 356352K, 99% used [0x00000000e0000000,0x00000000f5bd61a8,0x00000000f5c00000)
  from space 31232K, 96% used [0x00000000f7e80000,0x00000000f9be0c30,0x00000000f9d00000)
  to   space 35328K, 0% used [0x00000000f5c00000,0x00000000f5c00000,0x00000000f7e80000)
 ParOldGen       total 144384K, used 83778K [0x00000000a0000000, 0x00000000a8d00000, 0x00000000e0000000)
  object space 144384K, 58% used [0x00000000a0000000,0x00000000a51d0ba8,0x00000000a8d00000)
 Metaspace       used 77713K, capacity 82130K, committed 82304K, reserved 1120256K
  class space    used 9904K, capacity 11028K, committed 11136K, reserved 1048576K
Event: 625.135 GC heap after
Heap after GC invocations=22 (full 3):
 PSYoungGen      total 391680K, used 35316K [0x00000000e0000000, 0x00000000fc400000, 0x0000000100000000)
  eden space 356352K, 0% used [0x00000000e0000000,0x00000000e0000000,0x00000000f5c00000)
  from space 35328K, 99% used [0x00000000f5c00000,0x00000000f7e7d200,0x00000000f7e80000)
  to   space 41984K, 0% used [0x00000000f9b00000,0x00000000f9b00000,0x00000000fc400000)
 ParOldGen       total 144384K, used 87460K [0x00000000a0000000, 0x00000000a8d00000, 0x00000000e0000000)
  object space 144384K, 60% used [0x00000000a0000000,0x00000000a55690c0,0x00000000a8d00000)
 Metaspace       used 77713K, capacity 82130K, committed 82304K, reserved 1120256K
  class space    used 9904K, capacity 11028K, committed 11136K, reserved 1048576K
}
Event: 834.471 GC heap before
{Heap before GC invocations=23 (full 3):
 PSYoungGen      total 391680K, used 391668K [0x00000000e0000000, 0x00000000fc400000, 0x0000000100000000)
  eden space 356352K, 100% used [0x00000000e0000000,0x00000000f5c00000,0x00000000f5c00000)
  from space 35328K, 99% used [0x00000000f5c00000,0x00000000f7e7d200,0x00000000f7e80000)
  to   space 41984K, 0% used [0x00000000f9b00000,0x00000000f9b00000,0x00000000fc400000)
 ParOldGen       total 144384K, used 87460K [0x00000000a0000000, 0x00000000a8d00000, 0x00000000e0000000)
  object space 144384K, 60% used [0x00000000a0000000,0x00000000a55690c0,0x00000000a8d00000)
 Metaspace       used 90859K, capacity 96240K, committed 96384K, reserved 1132544K
  class space    used 11549K, capacity 12873K, committed 12928K, reserved 1048576K
Event: 834.559 GC heap after
Heap after GC invocations=23 (full 3):
 PSYoungGen      total 377344K, used 34521K [0x00000000e0000000, 0x00000000fbd00000, 0x0000000100000000)
  eden space 342528K, 0% used [0x00000000e0000000,0x00000000e0000000,0x00000000f4e80000)
  from space 34816K, 99% used [0x00000000f9b00000,0x00000000fbcb6420,0x00000000fbd00000)
  to   space 45568K, 0% used [0x00000000f6400000,0x00000000f6400000,0x00000000f9080000)
 ParOldGen       total 144384K, used 93055K [0x00000000a0000000, 0x00000000a8d00000, 0x00000000e0000000)
  object space 144384K, 64% used [0x00000000a0000000,0x00000000a5adff10,0x00000000a8d00000)
 Metaspace       used 90859K, capacity 96240K, committed 96384K, reserved 1132544K
  class space    used 11549K, capacity 12873K, committed 12928K, reserved 1048576K
}
Event: 836.335 GC heap before
{Heap before GC invocations=24 (full 3):
 PSYoungGen      total 377344K, used 231938K [0x00000000e0000000, 0x00000000fbd00000, 0x0000000100000000)
  eden space 342528K, 57% used [0x00000000e0000000,0x00000000ec0ca4a8,0x00000000f4e80000)
  from space 34816K, 99% used [0x00000000f9b00000,0x00000000fbcb6420,0x00000000fbd00000)
  to   space 45568K, 0% used [0x00000000f6400000,0x00000000f6400000,0x00000000f9080000)
 ParOldGen       total 144384K, used 93055K [0x00000000a0000000, 0x00000000a8d00000, 0x00000000e0000000)
  object space 144384K, 64% used [0x00000000a0000000,0x00000000a5adff10,0x00000000a8d00000)
 Metaspace       used 92608K, capacity 98250K, committed 98304K, reserved 1134592K
  class space    used 11708K, capacity 13042K, committed 13056K, reserved 1048576K
Event: 836.402 GC heap after
Heap after GC invocations=24 (full 3):
 PSYoungGen      total 410112K, used 28654K [0x00000000e0000000, 0x00000000fde80000, 0x0000000100000000)
  eden space 364544K, 0% used [0x00000000e0000000,0x00000000e0000000,0x00000000f6400000)
  from space 45568K, 62% used [0x00000000f6400000,0x00000000f7ffbb38,0x00000000f9080000)
  to   space 46080K, 0% used [0x00000000fb180000,0x00000000fb180000,0x00000000fde80000)
 ParOldGen       total 144384K, used 93063K [0x00000000a0000000, 0x00000000a8d00000, 0x00000000e0000000)
  object space 144384K, 64% used [0x00000000a0000000,0x00000000a5ae1f10,0x00000000a8d00000)
 Metaspace       used 92608K, capacity 98250K, committed 98304K, reserved 1134592K
  class space    used 11708K, capacity 13042K, committed 13056K, reserved 1048576K
}
Event: 836.402 GC heap before
{Heap before GC invocations=25 (full 4):
 PSYoungGen      total 410112K, used 28654K [0x00000000e0000000, 0x00000000fde80000, 0x0000000100000000)
  eden space 364544K, 0% used [0x00000000e0000000,0x00000000e0000000,0x00000000f6400000)
  from space 45568K, 62% used [0x00000000f6400000,0x00000000f7ffbb38,0x00000000f9080000)
  to   space 46080K, 0% used [0x00000000fb180000,0x00000000fb180000,0x00000000fde80000)
 ParOldGen       total 144384K, used 93063K [0x00000000a0000000, 0x00000000a8d00000, 0x00000000e0000000)
  object space 144384K, 64% used [0x00000000a0000000,0x00000000a5ae1f10,0x00000000a8d00000)
 Metaspace       used 92608K, capacity 98250K, committed 98304K, reserved 1134592K
  class space    used 11708K, capacity 13042K, committed 13056K, reserved 1048576K
Event: 836.812 GC heap after
Heap after GC invocations=25 (full 4):
 PSYoungGen      total 410112K, used 0K [0x00000000e0000000, 0x00000000fde80000, 0x0000000100000000)
  eden space 364544K, 0% used [0x00000000e0000000,0x00000000e0000000,0x00000000f6400000)
  from space 45568K, 0% used [0x00000000f6400000,0x00000000f6400000,0x00000000f9080000)
  to   space 46080K, 0% used [0x00000000fb180000,0x00000000fb180000,0x00000000fde80000)
 ParOldGen       total 219648K, used 76750K [0x00000000a0000000, 0x00000000ad680000, 0x00000000e0000000)
  object space 219648K, 34% used [0x00000000a0000000,0x00000000a4af3b20,0x00000000ad680000)
 Metaspace       used 92305K, capacity 97548K, committed 98304K, reserved 1134592K
  class space    used 11605K, capacity 12848K, committed 13056K, reserved 1048576K
}
Event: 838.974 GC heap before
{Heap before GC invocations=26 (full 4):
 PSYoungGen      total 410112K, used 364544K [0x00000000e0000000, 0x00000000fde80000, 0x0000000100000000)
  eden space 364544K, 100% used [0x00000000e0000000,0x00000000f6400000,0x00000000f6400000)
  from space 45568K, 0% used [0x00000000f6400000,0x00000000f6400000,0x00000000f9080000)
  to   space 46080K, 0% used [0x00000000fb180000,0x00000000fb180000,0x00000000fde80000)
 ParOldGen       total 219648K, used 76750K [0x00000000a0000000, 0x00000000ad680000, 0x00000000e0000000)
  object space 219648K, 34% used [0x00000000a0000000,0x00000000a4af3b20,0x00000000ad680000)
 Metaspace       used 92655K, capacity 98030K, committed 98816K, reserved 1134592K
  class space    used 11624K, capacity 12883K, committed 13056K, reserved 1048576K
Event: 838.999 GC heap after
Heap after GC invocations=26 (full 4):
 PSYoungGen      total 443904K, used 7736K [0x00000000e0000000, 0x0000000100000000, 0x0000000100000000)
  eden space 397824K, 0% used [0x00000000e0000000,0x00000000e0000000,0x00000000f8480000)
  from space 46080K, 16% used [0x00000000fb180000,0x00000000fb90e380,0x00000000fde80000)
  to   space 46080K, 0% used [0x00000000f8480000,0x00000000f8480000,0x00000000fb180000)
 ParOldGen       total 219648K, used 76758K [0x00000000a0000000, 0x00000000ad680000, 0x00000000e0000000)
  object space 219648K, 34% used [0x00000000a0000000,0x00000000a4af5b20,0x00000000ad680000)
 Metaspace       used 92655K, capacity 98030K, committed 98816K, reserved 1134592K
  class space    used 11624K, capacity 12883K, committed 13056K, reserved 1048576K
}

